2021-06-28 15:55:52,879:	INFO:	hcController.py:__HcCheckConnectWithCloud():45	Hc send heardbeat to cloud
2021-06-28 15:56:18,805:	INFO:	hcController.py:__HcCheckConnectWithCloud():45	Hc send heardbeat to cloud
2021-06-28 15:56:44,900:	INFO:	hcController.py:__HcCheckConnectWithCloud():45	Hc send heardbeat to cloud
2021-06-28 15:57:11,621:	INFO:	hcController.py:__HcCheckConnectWithCloud():45	Hc send heardbeat to cloud
2021-06-28 15:57:37,107:	INFO:	hcController.py:__HcCheckConnectWithCloud():45	Hc send heardbeat to cloud
2021-06-28 15:58:02,586:	INFO:	hcController.py:__HcCheckConnectWithCloud():45	Hc send heardbeat to cloud
2021-06-28 15:59:51,367:	INFO:	hcController.py:__HcCheckConnectWithCloud():45	Hc send heardbeat to cloud
2021-06-28 15:59:51,778:	ERROR:	signalrServices.py:StartConnect():62	Exception when connect with signalr server: 'SignalrServices' object has no attribute '_SignalrServices__hub'
2021-06-28 16:00:16,779:	INFO:	hcController.py:__HcCheckConnectWithCloud():45	Hc send heardbeat to cloud
2021-06-28 16:00:16,931:	ERROR:	signalrServices.py:StartConnect():62	Exception when connect with signalr server: 'SignalrServices' object has no attribute '_SignalrServices__hub'
2021-06-28 16:01:10,757:	INFO:	hcController.py:__HcCheckConnectWithCloud():45	Hc send heardbeat to cloud
2021-06-28 16:01:16,147:	DEBUG:	hcController.py:__signalrItemHandler():196	handler receive signal data in Command is {
    "CMD": "EVENT_TRIGGER",
    "DATA":
    {
        "EVENT_TRIGGER_ID": "aa3549d4-5471-4d75-b0b2- b70fa5c10fb2"
    }
}
2021-06-28 16:01:16,147:	DEBUG:	hcController.py:__signalrHandlerCommand():208	handler data receive from cloud: {
    "CMD": "EVENT_TRIGGER",
    "DATA":
    {
        "EVENT_TRIGGER_ID": "aa3549d4-5471-4d75-b0b2- b70fa5c10fb2"
    }
}
2021-06-28 16:01:16,147:	DEBUG:	hcController.py:__signalrHandlerCommand():216	Forward data to cloud
2021-06-28 16:01:21,067:	DEBUG:	hcController.py:__signalrItemHandler():196	handler receive signal data in Command is {
    "CMD": "EVENT_TRIGGER",
    "DATA":
    {
        "EVENT_TRIGGER_ID": "aa3549d4-5471-4d75-b0b2- b70fa5c10fb2"
    }
}
2021-06-28 16:01:21,067:	DEBUG:	hcController.py:__signalrHandlerCommand():208	handler data receive from cloud: {
    "CMD": "EVENT_TRIGGER",
    "DATA":
    {
        "EVENT_TRIGGER_ID": "aa3549d4-5471-4d75-b0b2- b70fa5c10fb2"
    }
}
2021-06-28 16:01:21,067:	DEBUG:	hcController.py:__signalrHandlerCommand():216	Forward data to cloud
2021-06-28 16:01:26,087:	DEBUG:	hcController.py:__signalrItemHandler():196	handler receive signal data in Command is {
    "CMD": "EVENT_TRIGGER",
    "DATA":
    {
        "EVENT_TRIGGER_ID": "aa3549d4-5471-4d75-b0b2- b70fa5c10fb2"
    }
}
2021-06-28 16:01:26,087:	DEBUG:	hcController.py:__signalrHandlerCommand():208	handler data receive from cloud: {
    "CMD": "EVENT_TRIGGER",
    "DATA":
    {
        "EVENT_TRIGGER_ID": "aa3549d4-5471-4d75-b0b2- b70fa5c10fb2"
    }
}
2021-06-28 16:01:26,087:	DEBUG:	hcController.py:__signalrHandlerCommand():216	Forward data to cloud
2021-06-28 16:01:31,105:	DEBUG:	hcController.py:__signalrItemHandler():196	handler receive signal data in Command is {
    "CMD": "EVENT_TRIGGER",
    "DATA":
    {
        "EVENT_TRIGGER_ID": "aa3549d4-5471-4d75-b0b2- b70fa5c10fb2"
    }
}
2021-06-28 16:01:31,105:	DEBUG:	hcController.py:__signalrHandlerCommand():208	handler data receive from cloud: {
    "CMD": "EVENT_TRIGGER",
    "DATA":
    {
        "EVENT_TRIGGER_ID": "aa3549d4-5471-4d75-b0b2- b70fa5c10fb2"
    }
}
2021-06-28 16:01:31,105:	DEBUG:	hcController.py:__signalrHandlerCommand():216	Forward data to cloud
2021-06-28 16:03:16,607:	INFO:	hcController.py:__HcCheckConnectWithCloud():45	Hc send heardbeat to cloud
2021-06-28 16:03:42,190:	INFO:	hcController.py:__HcCheckConnectWithCloud():45	Hc send heardbeat to cloud
2021-06-28 16:05:38,819:	INFO:	hcController.py:__HcCheckConnectWithCloud():45	Hc send heardbeat to cloud
2021-06-28 16:06:05,755:	INFO:	hcController.py:__HcCheckConnectWithCloud():45	Hc send heardbeat to cloud
2021-06-28 16:06:31,480:	INFO:	hcController.py:__HcCheckConnectWithCloud():45	Hc send heardbeat to cloud
2021-06-28 16:06:58,041:	INFO:	hcController.py:__HcCheckConnectWithCloud():45	Hc send heardbeat to cloud
2021-06-28 16:07:23,695:	INFO:	hcController.py:__HcCheckConnectWithCloud():45	Hc send heardbeat to cloud
2021-06-28 16:07:28,749:	INFO:	hcController.py:__HcCheckConnectWithCloud():45	Hc send heardbeat to cloud
2021-06-28 16:07:49,930:	DEBUG:	hcController.py:__signalrHandlerCommand():207	handler data receive from cloud: {
    "CMD": "EVENT_TRIGGER",
    "DATA":
    {
        "EVENT_TRIGGER_ID": "aa3549d4-5471-4d75-b0b2- b70fa5c10fb2"
    }
}
2021-06-28 16:07:49,930:	DEBUG:	hcController.py:__signalrHandlerCommand():214	Forward data to cloud
2021-06-28 16:07:54,246:	INFO:	hcController.py:__HcCheckConnectWithCloud():45	Hc send heardbeat to cloud
2021-06-28 16:07:55,269:	DEBUG:	hcController.py:__signalrHandlerCommand():207	handler data receive from cloud: {
    "CMD": "EVENT_TRIGGER",
    "DATA":
    {
        "EVENT_TRIGGER_ID": "aa3549d4-5471-4d75-b0b2- b70fa5c10fb2"
    }
}
2021-06-28 16:07:55,269:	DEBUG:	hcController.py:__signalrHandlerCommand():214	Forward data to cloud
2021-06-28 16:08:00,387:	DEBUG:	hcController.py:__signalrHandlerCommand():207	handler data receive from cloud: {
    "CMD": "EVENT_TRIGGER",
    "DATA":
    {
        "EVENT_TRIGGER_ID": "aa3549d4-5471-4d75-b0b2- b70fa5c10fb2"
    }
}
2021-06-28 16:08:00,388:	DEBUG:	hcController.py:__signalrHandlerCommand():214	Forward data to cloud
2021-06-28 16:08:30,834:	INFO:	hcController.py:__HcCheckConnectWithCloud():45	Hc send heardbeat to cloud
2021-06-28 16:08:37,753:	INFO:	hcController.py:__HcCheckConnectWithCloud():45	Hc send heardbeat to cloud
2021-06-28 16:09:03,460:	INFO:	hcController.py:__HcCheckConnectWithCloud():45	Hc send heardbeat to cloud
2021-06-28 16:09:22,461:	DEBUG:	hcController.py:__signalrHandlerCommand():207	handler data receive from cloud: {
    "CMD": "EVENT_TRIGGER",
    "DATA":
    {
        "EVENT_TRIGGER_ID": "aa3549d4-5471-4d75-b0b2- b70fa5c10fb2"
    }
}
2021-06-28 16:09:22,461:	DEBUG:	hcController.py:__signalrHandlerCommand():214	Forward data to cloud
2021-06-28 16:09:29,880:	INFO:	hcController.py:__HcCheckConnectWithCloud():45	Hc send heardbeat to cloud
2021-06-28 16:09:55,577:	INFO:	hcController.py:__HcCheckConnectWithCloud():45	Hc send heardbeat to cloud
2021-06-28 16:10:23,583:	INFO:	hcController.py:__HcCheckConnectWithCloud():45	Hc send heardbeat to cloud
2021-06-28 16:10:48,587:	INFO:	hcController.py:__HcCheckConnectWithCloud():45	Hc send heardbeat to cloud
2021-06-28 16:10:50,164:	DEBUG:	hcController.py:__signalrHandlerCommand():207	handler data receive from cloud: {
    "CMD": "EVENT_TRIGGER",
    "DATA":
    {
        "EVENT_TRIGGER_ID": "aa3549d4-5471-4d75-b0b2- b70fa5c10fb2"
    }
}
2021-06-28 16:10:50,165:	DEBUG:	hcController.py:__signalrHandlerCommand():214	Forward data to cloud
2021-06-28 16:24:03,079:	INFO:	hcController.py:__HcCheckConnectWithCloud():45	Hc send heardbeat to cloud
2021-06-28 16:24:06,367:	DEBUG:	hcController.py:__mqttHandlerTopicHcControl():147	mqtt data receive from topic HC.CONTROL: { "CMD":"HC_CONNECT_TO_CLOUD", "DATA":{ "END_USER_PROFILE_ID":10103,"REFRESH_TOKEN":"OGj2Lo8elXRxCiOit9i2lmZlHlOqA5KCoQ8NEAkmcU94F8zMFmpED3SQzd7OJDOvkJd0yWBPjP32y6fuSCvJCXlCbvWVrktDWe67YvMcjHnZCzOR1mu3+c6lKNGHWvfvtDLJTpWZQIyWYqx/+l3agx0ULYckAvV5K3gKfgVNem/JOP57IVEWLdSdMwuMIQwIDh0MgUiqpbFEse0kVWPr1T9CChTerHDDn5sMBvWh4ug="}}
2021-06-28 16:24:08,997:	DEBUG:	hcController.py:__mqttHandlerTopicHcControl():147	mqtt data receive from topic HC.CONTROL: { "CMD":"HC_CONNECT_TO_CLOUD", "DATA":{ "END_USER_PROFILE_ID":10103,"REFRESH_TOKEN":"OGj2Lo8elXRxCiOit9i2lmZlHlOqA5KCoQ8NEAkmcU94F8zMFmpED3SQzd7OJDOvkJd0yWBPjP32y6fuSCvJCXlCbvWVrktDWe67YvMcjHnZCzOR1mu3+c6lKNGHWvfvtDLJTpWZQIyWYqx/+l3agx0ULYckAvV5K3gKfgVNem/JOP57IVEWLdSdMwuMIQwIDh0MgUiqpbFEse0kVWPr1T9CChTerHDDn5sMBvWh4ug="}}
2021-06-28 16:24:30,362:	INFO:	hcController.py:__HcCheckConnectWithCloud():45	Hc send heardbeat to cloud
2021-06-28 16:24:46,163:	DEBUG:	hcController.py:__signalrItemHandler():196	handler receive signal data in Command is {
    "CMD": "EVENT_TRIGGER",
    "DATA":
    {
        "EVENT_TRIGGER_ID": "aa3549d4-5471-4d75-b0b2- b70fa5c10fb2"
    }
}
2021-06-28 16:24:46,164:	DEBUG:	hcController.py:__signalrHandlerCommand():208	handler data receive from cloud: {
    "CMD": "EVENT_TRIGGER",
    "DATA":
    {
        "EVENT_TRIGGER_ID": "aa3549d4-5471-4d75-b0b2- b70fa5c10fb2"
    }
}
2021-06-28 16:24:46,164:	DEBUG:	hcController.py:__signalrHandlerCommand():215	Forward data to cloud
2021-06-28 16:24:46,264:	DEBUG:	hcController.py:__mqttHandlerTopicHcControl():147	mqtt data receive from topic HC.CONTROL: {
    "CMD": "EVENT_TRIGGER",
    "DATA":
    {
        "EVENT_TRIGGER_ID": "aa3549d4-5471-4d75-b0b2- b70fa5c10fb2"
    }
}
2021-06-28 16:24:46,265:	ERROR:	hcController.py:__mqttHandlerCmdConnectToCloud():178	mqtt data receiver invalid
2021-06-28 16:24:51,383:	DEBUG:	hcController.py:__signalrItemHandler():196	handler receive signal data in Command is {
    "CMD": "EVENT_TRIGGER",
    "DATA":
    {
        "EVENT_TRIGGER_ID": "aa3549d4-5471-4d75-b0b2- b70fa5c10fb2"
    }
}
2021-06-28 16:24:51,383:	DEBUG:	hcController.py:__signalrHandlerCommand():208	handler data receive from cloud: {
    "CMD": "EVENT_TRIGGER",
    "DATA":
    {
        "EVENT_TRIGGER_ID": "aa3549d4-5471-4d75-b0b2- b70fa5c10fb2"
    }
}
2021-06-28 16:24:51,383:	DEBUG:	hcController.py:__signalrHandlerCommand():215	Forward data to cloud
2021-06-28 16:24:51,484:	DEBUG:	hcController.py:__mqttHandlerTopicHcControl():147	mqtt data receive from topic HC.CONTROL: {
    "CMD": "EVENT_TRIGGER",
    "DATA":
    {
        "EVENT_TRIGGER_ID": "aa3549d4-5471-4d75-b0b2- b70fa5c10fb2"
    }
}
2021-06-28 16:24:51,485:	ERROR:	hcController.py:__mqttHandlerCmdConnectToCloud():178	mqtt data receiver invalid
2021-06-28 17:10:50,354:	INFO:	hcController.py:__HcCheckConnectWithCloud():45	Hc send heardbeat to cloud
2021-06-28 17:11:16,004:	INFO:	hcController.py:__HcCheckConnectWithCloud():45	Hc send heardbeat to cloud
2021-06-28 17:11:41,538:	INFO:	hcController.py:__HcCheckConnectWithCloud():45	Hc send heardbeat to cloud
2021-06-28 17:12:06,790:	INFO:	hcController.py:__HcCheckConnectWithCloud():45	Hc send heardbeat to cloud
2021-06-28 17:12:32,928:	INFO:	hcController.py:__HcCheckConnectWithCloud():45	Hc send heardbeat to cloud
2021-06-28 17:13:17,979:	INFO:	hcController.py:__HcCheckConnectWithCloud():45	Hc send heardbeat to cloud
2021-06-28 17:13:19,010:	ERROR:	signalrServices.py:StartConnect():64	Exception when connect with signalr server: 404
2021-06-28 17:13:19,090:	ERROR:	signalrServices.py:__startConnect():55	Exception when connect with signalr server: 404
2021-06-28 17:13:24,429:	ERROR:	signalrServices.py:__startConnect():55	Exception when connect with signalr server: 404
2021-06-28 17:13:30,017:	ERROR:	signalrServices.py:__startConnect():55	Exception when connect with signalr server: 404
2021-06-28 17:13:51,759:	INFO:	hcController.py:__HcCheckConnectWithCloud():45	Hc send heardbeat to cloud
2021-06-28 17:14:17,354:	INFO:	hcController.py:__HcCheckConnectWithCloud():45	Hc send heardbeat to cloud
2021-06-28 17:14:42,563:	INFO:	hcController.py:__HcCheckConnectWithCloud():45	Hc send heardbeat to cloud
2021-06-28 17:15:08,128:	DEBUG:	hcController.py:__signalrHandlerCommand():214	Forward data to cloud
2021-06-28 17:15:08,229:	DEBUG:	hcController.py:__mqttHandlerTopicHcControl():147	mqtt data receive from topic HC.CONTROL: {"CMD":"GROUP","DATA":{"GROUP_ID":"334b9e33-5408-4f66-8aac-93c2aaf67954","PROPERTIES":[{"ID":0,"VALUE":1}]}}
2021-06-28 17:15:08,229:	ERROR:	hcController.py:__mqttHandlerCmdConnectToCloud():178	mqtt data receiver invalid
2021-06-28 17:15:10,744:	DEBUG:	hcController.py:__signalrHandlerCommand():214	Forward data to cloud
2021-06-28 17:15:10,846:	DEBUG:	hcController.py:__mqttHandlerTopicHcControl():147	mqtt data receive from topic HC.CONTROL: {"CMD":"GROUP","DATA":{"GROUP_ID":"334b9e33-5408-4f66-8aac-93c2aaf67954","PROPERTIES":[{"ID":0,"VALUE":0}]}}
2021-06-28 17:15:10,846:	ERROR:	hcController.py:__mqttHandlerCmdConnectToCloud():178	mqtt data receiver invalid
2021-06-28 17:15:12,503:	INFO:	hcController.py:__HcCheckConnectWithCloud():45	Hc send heardbeat to cloud
2021-06-28 17:15:39,239:	INFO:	hcController.py:__HcCheckConnectWithCloud():45	Hc send heardbeat to cloud
2021-06-28 17:16:06,289:	INFO:	hcController.py:__HcCheckConnectWithCloud():45	Hc send heardbeat to cloud
2021-06-28 17:16:31,992:	INFO:	hcController.py:__HcCheckConnectWithCloud():45	Hc send heardbeat to cloud
2021-06-28 17:18:21,517:	INFO:	hcController.py:__HcCheckConnectWithCloud():45	Hc send heardbeat to cloud
2021-06-28 17:18:47,975:	INFO:	hcController.py:__HcCheckConnectWithCloud():45	Hc send heardbeat to cloud
2021-06-28 17:19:10,678:	INFO:	hcController.py:__HcCheckConnectWithCloud():45	Hc send heardbeat to cloud
2021-06-28 17:19:36,577:	INFO:	hcController.py:__HcCheckConnectWithCloud():45	Hc send heardbeat to cloud
2021-06-28 17:20:03,244:	INFO:	hcController.py:__HcCheckConnectWithCloud():45	Hc send heardbeat to cloud
2021-06-28 17:20:26,540:	DEBUG:	hcController.py:__signalrHandlerCommand():214	Forward data to cloud
2021-06-28 17:20:26,641:	DEBUG:	hcController.py:__mqttHandlerTopicHcControl():147	mqtt data receive from topic HC.CONTROL: {"CMD":"GROUP","DATA":{"GROUP_ID":"334b9e33-5408-4f66-8aac-93c2aaf67954","PROPERTIES":[{"ID":0,"VALUE":1}]}}
2021-06-28 17:20:26,642:	ERROR:	hcController.py:__mqttHandlerCmdConnectToCloud():178	mqtt data receiver invalid
2021-06-28 17:20:29,603:	INFO:	hcController.py:__HcCheckConnectWithCloud():45	Hc send heardbeat to cloud
2021-06-28 17:20:55,073:	INFO:	hcController.py:__HcCheckConnectWithCloud():45	Hc send heardbeat to cloud
2021-06-28 17:20:55,429:	DEBUG:	hcController.py:__signalrHandlerCommand():214	Forward data to cloud
2021-06-28 17:20:55,926:	DEBUG:	hcController.py:__mqttHandlerTopicHcControl():147	mqtt data receive from topic HC.CONTROL: {"CMD":"GROUP","DATA":{"GROUP_ID":"334b9e33-5408-4f66-8aac-93c2aaf67954","PROPERTIES":[{"ID":0,"VALUE":0}]}}
2021-06-28 17:20:55,928:	ERROR:	hcController.py:__mqttHandlerCmdConnectToCloud():178	mqtt data receiver invalid
2021-06-28 17:21:20,926:	INFO:	hcController.py:__HcCheckConnectWithCloud():45	Hc send heardbeat to cloud
2021-06-28 17:21:47,015:	INFO:	hcController.py:__HcCheckConnectWithCloud():45	Hc send heardbeat to cloud
2021-06-28 17:22:12,299:	INFO:	hcController.py:__HcCheckConnectWithCloud():45	Hc send heardbeat to cloud
2021-06-28 17:22:37,769:	INFO:	hcController.py:__HcCheckConnectWithCloud():45	Hc send heardbeat to cloud
2021-06-28 17:23:03,653:	INFO:	hcController.py:__HcCheckConnectWithCloud():45	Hc send heardbeat to cloud
2021-06-28 17:23:29,403:	INFO:	hcController.py:__HcCheckConnectWithCloud():45	Hc send heardbeat to cloud
2021-06-28 17:23:55,854:	INFO:	hcController.py:__HcCheckConnectWithCloud():45	Hc send heardbeat to cloud
2021-06-28 17:24:21,434:	INFO:	hcController.py:__HcCheckConnectWithCloud():45	Hc send heardbeat to cloud
2021-06-28 17:24:48,312:	INFO:	hcController.py:__HcCheckConnectWithCloud():45	Hc send heardbeat to cloud
2021-06-28 17:25:14,306:	INFO:	hcController.py:__HcCheckConnectWithCloud():45	Hc send heardbeat to cloud
2021-06-28 17:25:39,970:	INFO:	hcController.py:__HcCheckConnectWithCloud():45	Hc send heardbeat to cloud
2021-06-28 17:26:05,898:	INFO:	hcController.py:__HcCheckConnectWithCloud():45	Hc send heardbeat to cloud
2021-06-28 17:26:12,884:	DEBUG:	hcController.py:__signalrHandlerCommand():214	Forward data to cloud
2021-06-28 17:26:12,986:	DEBUG:	hcController.py:__mqttHandlerTopicHcControl():147	mqtt data receive from topic HC.CONTROL: {"CMD":"GROUP","DATA":{"GROUP_ID":"334b9e33-5408-4f66-8aac-93c2aaf67954","PROPERTIES":[{"ID":0,"VALUE":1}]}}
2021-06-28 17:26:12,986:	ERROR:	hcController.py:__mqttHandlerCmdConnectToCloud():178	mqtt data receiver invalid
2021-06-28 17:26:31,742:	INFO:	hcController.py:__HcCheckConnectWithCloud():45	Hc send heardbeat to cloud
2021-06-28 17:26:57,738:	INFO:	hcController.py:__HcCheckConnectWithCloud():45	Hc send heardbeat to cloud
2021-06-28 17:27:05,992:	DEBUG:	hcController.py:__signalrHandlerCommand():214	Forward data to cloud
2021-06-28 17:27:06,093:	DEBUG:	hcController.py:__mqttHandlerTopicHcControl():147	mqtt data receive from topic HC.CONTROL: {"CMD":"GROUP","DATA":{"GROUP_ID":"334b9e33-5408-4f66-8aac-93c2aaf67954","PROPERTIES":[{"ID":0,"VALUE":1}]}}
2021-06-28 17:27:06,093:	ERROR:	hcController.py:__mqttHandlerCmdConnectToCloud():178	mqtt data receiver invalid
2021-06-28 17:27:09,616:	DEBUG:	hcController.py:__signalrHandlerCommand():214	Forward data to cloud
2021-06-28 17:27:09,717:	DEBUG:	hcController.py:__mqttHandlerTopicHcControl():147	mqtt data receive from topic HC.CONTROL: {"CMD":"GROUP","DATA":{"GROUP_ID":"334b9e33-5408-4f66-8aac-93c2aaf67954","PROPERTIES":[{"ID":0,"VALUE":0}]}}
2021-06-28 17:27:09,717:	ERROR:	hcController.py:__mqttHandlerCmdConnectToCloud():178	mqtt data receiver invalid
2021-06-28 17:27:10,019:	DEBUG:	hcController.py:__signalrHandlerCommand():214	Forward data to cloud
2021-06-28 17:27:10,120:	DEBUG:	hcController.py:__mqttHandlerTopicHcControl():147	mqtt data receive from topic HC.CONTROL: {"CMD":"GROUP","DATA":{"GROUP_ID":"334b9e33-5408-4f66-8aac-93c2aaf67954","PROPERTIES":[{"ID":0,"VALUE":1}]}}
2021-06-28 17:27:10,120:	ERROR:	hcController.py:__mqttHandlerCmdConnectToCloud():178	mqtt data receiver invalid
2021-06-28 17:27:14,870:	DEBUG:	hcController.py:__signalrHandlerCommand():214	Forward data to cloud
2021-06-28 17:27:14,971:	DEBUG:	hcController.py:__mqttHandlerTopicHcControl():147	mqtt data receive from topic HC.CONTROL: {"CMD":"GROUP","DATA":{"GROUP_ID":"334b9e33-5408-4f66-8aac-93c2aaf67954","PROPERTIES":[{"ID":0,"VALUE":0}]}}
2021-06-28 17:27:14,971:	ERROR:	hcController.py:__mqttHandlerCmdConnectToCloud():178	mqtt data receiver invalid
2021-06-28 17:27:15,375:	DEBUG:	hcController.py:__signalrHandlerCommand():214	Forward data to cloud
2021-06-28 17:27:15,476:	DEBUG:	hcController.py:__mqttHandlerTopicHcControl():147	mqtt data receive from topic HC.CONTROL: {"CMD":"GROUP","DATA":{"GROUP_ID":"334b9e33-5408-4f66-8aac-93c2aaf67954","PROPERTIES":[{"ID":0,"VALUE":1}]}}
2021-06-28 17:27:15,477:	ERROR:	hcController.py:__mqttHandlerCmdConnectToCloud():178	mqtt data receiver invalid
2021-06-28 17:27:20,009:	DEBUG:	hcController.py:__signalrHandlerCommand():214	Forward data to cloud
2021-06-28 17:27:20,110:	DEBUG:	hcController.py:__mqttHandlerTopicHcControl():147	mqtt data receive from topic HC.CONTROL: {"CMD":"GROUP","DATA":{"GROUP_ID":"334b9e33-5408-4f66-8aac-93c2aaf67954","PROPERTIES":[{"ID":0,"VALUE":0}]}}
2021-06-28 17:27:20,110:	ERROR:	hcController.py:__mqttHandlerCmdConnectToCloud():178	mqtt data receiver invalid
2021-06-28 17:27:20,916:	DEBUG:	hcController.py:__signalrHandlerCommand():214	Forward data to cloud
2021-06-28 17:27:21,018:	DEBUG:	hcController.py:__mqttHandlerTopicHcControl():147	mqtt data receive from topic HC.CONTROL: {"CMD":"GROUP","DATA":{"GROUP_ID":"334b9e33-5408-4f66-8aac-93c2aaf67954","PROPERTIES":[{"ID":0,"VALUE":1}]}}
2021-06-28 17:27:21,018:	ERROR:	hcController.py:__mqttHandlerCmdConnectToCloud():178	mqtt data receiver invalid
2021-06-28 17:27:23,640:	INFO:	hcController.py:__HcCheckConnectWithCloud():45	Hc send heardbeat to cloud
2021-06-28 17:27:29,851:	DEBUG:	hcController.py:__signalrHandlerCommand():214	Forward data to cloud
2021-06-28 17:27:29,952:	DEBUG:	hcController.py:__mqttHandlerTopicHcControl():147	mqtt data receive from topic HC.CONTROL: {"CMD":"GROUP","DATA":{"GROUP_ID":"334b9e33-5408-4f66-8aac-93c2aaf67954","PROPERTIES":[{"ID":0,"VALUE":0}]}}
2021-06-28 17:27:29,953:	ERROR:	hcController.py:__mqttHandlerCmdConnectToCloud():178	mqtt data receiver invalid
2021-06-28 17:27:30,963:	DEBUG:	hcController.py:__signalrHandlerCommand():214	Forward data to cloud
2021-06-28 17:27:30,965:	DEBUG:	hcController.py:__mqttHandlerTopicHcControl():147	mqtt data receive from topic HC.CONTROL: {"CMD":"GROUP","DATA":{"GROUP_ID":"334b9e33-5408-4f66-8aac-93c2aaf67954","PROPERTIES":[{"ID":0,"VALUE":1}]}}
2021-06-28 17:27:30,965:	ERROR:	hcController.py:__mqttHandlerCmdConnectToCloud():178	mqtt data receiver invalid
2021-06-28 17:27:34,601:	DEBUG:	hcController.py:__signalrHandlerCommand():214	Forward data to cloud
2021-06-28 17:27:34,602:	DEBUG:	hcController.py:__mqttHandlerTopicHcControl():147	mqtt data receive from topic HC.CONTROL: {"CMD":"GROUP","DATA":{"GROUP_ID":"334b9e33-5408-4f66-8aac-93c2aaf67954","PROPERTIES":[{"ID":0,"VALUE":0}]}}
2021-06-28 17:27:34,603:	ERROR:	hcController.py:__mqttHandlerCmdConnectToCloud():178	mqtt data receiver invalid
2021-06-28 17:27:35,207:	DEBUG:	hcController.py:__signalrHandlerCommand():214	Forward data to cloud
2021-06-28 17:27:35,308:	DEBUG:	hcController.py:__mqttHandlerTopicHcControl():147	mqtt data receive from topic HC.CONTROL: {"CMD":"GROUP","DATA":{"GROUP_ID":"334b9e33-5408-4f66-8aac-93c2aaf67954","PROPERTIES":[{"ID":0,"VALUE":1}]}}
2021-06-28 17:27:35,309:	ERROR:	hcController.py:__mqttHandlerCmdConnectToCloud():178	mqtt data receiver invalid
2021-06-28 17:27:49,961:	DEBUG:	hcController.py:__signalrHandlerCommand():214	Forward data to cloud
2021-06-28 17:27:49,963:	DEBUG:	hcController.py:__mqttHandlerTopicHcControl():147	mqtt data receive from topic HC.CONTROL: {"CMD":"DEVICE","DATA":{"DEVICE_ID":"","DEVICE_UNICAST_ID":65535,"PROPERTIES":[{"ID":0,"VALUE":0}]}}
2021-06-28 17:27:49,963:	ERROR:	hcController.py:__mqttHandlerCmdConnectToCloud():178	mqtt data receiver invalid
2021-06-28 17:27:50,825:	INFO:	hcController.py:__HcCheckConnectWithCloud():45	Hc send heardbeat to cloud
2021-06-28 17:27:52,345:	DEBUG:	hcController.py:__signalrHandlerCommand():214	Forward data to cloud
2021-06-28 17:27:52,447:	DEBUG:	hcController.py:__mqttHandlerTopicHcControl():147	mqtt data receive from topic HC.CONTROL: {"CMD":"DEVICE","DATA":{"DEVICE_ID":"","DEVICE_UNICAST_ID":65535,"PROPERTIES":[{"ID":0,"VALUE":1}]}}
2021-06-28 17:27:52,448:	ERROR:	hcController.py:__mqttHandlerCmdConnectToCloud():178	mqtt data receiver invalid
2021-06-28 17:27:53,756:	DEBUG:	hcController.py:__signalrHandlerCommand():214	Forward data to cloud
2021-06-28 17:27:53,857:	DEBUG:	hcController.py:__mqttHandlerTopicHcControl():147	mqtt data receive from topic HC.CONTROL: {"CMD":"DEVICE","DATA":{"DEVICE_ID":"","DEVICE_UNICAST_ID":65535,"PROPERTIES":[{"ID":0,"VALUE":0}]}}
2021-06-28 17:27:53,857:	ERROR:	hcController.py:__mqttHandlerCmdConnectToCloud():178	mqtt data receiver invalid
2021-06-28 17:28:16,337:	INFO:	hcController.py:__HcCheckConnectWithCloud():45	Hc send heardbeat to cloud
2021-06-28 17:28:43,016:	INFO:	hcController.py:__HcCheckConnectWithCloud():45	Hc send heardbeat to cloud
2021-06-28 17:28:58,871:	DEBUG:	hcController.py:__signalrHandlerCommand():214	Forward data to cloud
2021-06-28 17:28:58,972:	DEBUG:	hcController.py:__mqttHandlerTopicHcControl():147	mqtt data receive from topic HC.CONTROL: {"CMD":"GROUP","DATA":{"GROUP_ID":"334b9e33-5408-4f66-8aac-93c2aaf67954","PROPERTIES":[{"ID":0,"VALUE":1}]}}
2021-06-28 17:28:58,972:	ERROR:	hcController.py:__mqttHandlerCmdConnectToCloud():178	mqtt data receiver invalid
2021-06-28 17:29:09,878:	INFO:	hcController.py:__HcCheckConnectWithCloud():45	Hc send heardbeat to cloud
2021-06-28 17:29:17,092:	DEBUG:	hcController.py:__signalrHandlerCommand():214	Forward data to cloud
2021-06-28 17:29:17,193:	DEBUG:	hcController.py:__mqttHandlerTopicHcControl():147	mqtt data receive from topic HC.CONTROL: {"CMD":"GROUP","DATA":{"GROUP_ID":"334b9e33-5408-4f66-8aac-93c2aaf67954","PROPERTIES":[{"ID":0,"VALUE":0}]}}
2021-06-28 17:29:17,194:	ERROR:	hcController.py:__mqttHandlerCmdConnectToCloud():178	mqtt data receiver invalid
2021-06-28 17:29:20,314:	DEBUG:	hcController.py:__signalrHandlerCommand():214	Forward data to cloud
2021-06-28 17:29:20,416:	DEBUG:	hcController.py:__mqttHandlerTopicHcControl():147	mqtt data receive from topic HC.CONTROL: {"CMD":"GROUP","DATA":{"GROUP_ID":"334b9e33-5408-4f66-8aac-93c2aaf67954","PROPERTIES":[{"ID":0,"VALUE":1}]}}
2021-06-28 17:29:20,416:	ERROR:	hcController.py:__mqttHandlerCmdConnectToCloud():178	mqtt data receiver invalid
2021-06-28 17:29:23,739:	DEBUG:	hcController.py:__signalrHandlerCommand():214	Forward data to cloud
2021-06-28 17:29:23,840:	DEBUG:	hcController.py:__mqttHandlerTopicHcControl():147	mqtt data receive from topic HC.CONTROL: {"CMD":"GROUP","DATA":{"GROUP_ID":"334b9e33-5408-4f66-8aac-93c2aaf67954","PROPERTIES":[{"ID":0,"VALUE":0}]}}
2021-06-28 17:29:23,841:	ERROR:	hcController.py:__mqttHandlerCmdConnectToCloud():178	mqtt data receiver invalid
2021-06-28 17:29:38,870:	INFO:	hcController.py:__HcCheckConnectWithCloud():45	Hc send heardbeat to cloud
2021-06-28 17:30:05,748:	INFO:	hcController.py:__HcCheckConnectWithCloud():45	Hc send heardbeat to cloud
2021-06-28 17:30:31,538:	INFO:	hcController.py:__HcCheckConnectWithCloud():45	Hc send heardbeat to cloud
2021-06-28 17:30:57,706:	INFO:	hcController.py:__HcCheckConnectWithCloud():45	Hc send heardbeat to cloud
2021-06-28 17:31:23,316:	INFO:	hcController.py:__HcCheckConnectWithCloud():45	Hc send heardbeat to cloud
2021-06-28 17:31:49,565:	INFO:	hcController.py:__HcCheckConnectWithCloud():45	Hc send heardbeat to cloud
2021-06-28 17:32:14,979:	INFO:	hcController.py:__HcCheckConnectWithCloud():45	Hc send heardbeat to cloud
2021-06-28 17:32:41,999:	INFO:	hcController.py:__HcCheckConnectWithCloud():45	Hc send heardbeat to cloud
2021-06-28 17:33:08,937:	INFO:	hcController.py:__HcCheckConnectWithCloud():45	Hc send heardbeat to cloud
2021-06-28 17:33:36,867:	INFO:	hcController.py:__HcCheckConnectWithCloud():45	Hc send heardbeat to cloud
2021-06-28 17:34:03,512:	INFO:	hcController.py:__HcCheckConnectWithCloud():45	Hc send heardbeat to cloud
2021-06-28 17:34:29,171:	INFO:	hcController.py:__HcCheckConnectWithCloud():45	Hc send heardbeat to cloud
2021-06-28 17:34:55,285:	INFO:	hcController.py:__HcCheckConnectWithCloud():45	Hc send heardbeat to cloud
2021-06-28 17:35:27,333:	INFO:	hcController.py:__HcCheckConnectWithCloud():45	Hc send heardbeat to cloud
2021-06-28 17:35:53,854:	INFO:	hcController.py:__HcCheckConnectWithCloud():45	Hc send heardbeat to cloud
2021-06-28 17:36:20,063:	INFO:	hcController.py:__HcCheckConnectWithCloud():45	Hc send heardbeat to cloud
2021-06-28 17:36:46,641:	INFO:	hcController.py:__HcCheckConnectWithCloud():45	Hc send heardbeat to cloud
2021-06-28 17:39:25,101:	ERROR:	signalrServices.py:StartConnect():64	Exception when connect with signalr server: can only concatenate str (not "NoneType") to str
2021-06-28 17:39:50,102:	INFO:	hcController.py:__HcCheckConnectWithCloud():45	Hc send heardbeat to cloud
2021-06-28 17:41:26,330:	INFO:	hcController.py:__HcCheckConnectWithCloud():45	Hc send heardbeat to cloud
2021-06-28 17:41:54,008:	INFO:	hcController.py:__HcCheckConnectWithCloud():45	Hc send heardbeat to cloud
2021-06-28 17:42:40,023:	INFO:	hcController.py:__HcCheckConnectWithCloud():45	Hc send heardbeat to cloud
2021-06-28 17:43:15,782:	INFO:	hcController.py:__HcCheckConnectWithCloud():45	Hc send heardbeat to cloud
2021-06-28 17:43:47,779:	INFO:	hcController.py:__HcCheckConnectWithCloud():45	Hc send heardbeat to cloud
2021-06-28 17:44:22,429:	INFO:	hcController.py:__HcCheckConnectWithCloud():45	Hc send heardbeat to cloud
2021-06-28 17:45:25,095:	INFO:	hcController.py:__HcCheckConnectWithCloud():45	Hc send heardbeat to cloud
2021-06-28 17:45:52,433:	INFO:	hcController.py:__HcCheckConnectWithCloud():45	Hc send heardbeat to cloud
2021-06-28 17:46:21,310:	INFO:	hcController.py:__HcCheckConnectWithCloud():45	Hc send heardbeat to cloud
2021-06-28 17:46:48,463:	INFO:	hcController.py:__HcCheckConnectWithCloud():45	Hc send heardbeat to cloud
2021-06-28 17:47:15,981:	INFO:	hcController.py:__HcCheckConnectWithCloud():45	Hc send heardbeat to cloud
2021-06-28 17:47:48,544:	INFO:	hcController.py:__HcCheckConnectWithCloud():45	Hc send heardbeat to cloud
2021-06-28 17:48:15,874:	INFO:	hcController.py:__HcCheckConnectWithCloud():45	Hc send heardbeat to cloud
2021-06-28 17:48:45,887:	INFO:	hcController.py:__HcCheckConnectWithCloud():45	Hc send heardbeat to cloud
2021-06-28 17:49:19,939:	INFO:	hcController.py:__HcCheckConnectWithCloud():45	Hc send heardbeat to cloud
2021-06-28 17:49:50,574:	INFO:	hcController.py:__HcCheckConnectWithCloud():45	Hc send heardbeat to cloud
2021-06-28 17:50:16,682:	INFO:	hcController.py:__HcCheckConnectWithCloud():45	Hc send heardbeat to cloud
